[dotenv@17.2.3] injecting env (3) from .env.local -- tip: ?뫁 sync secrets across teammates & machines: https://dotenvx.com/ops
?? Starting Storage Migration...
Found 1872 files in Firebase Storage.
Processing 0-10/1872... (Success: 0, Error: 0)
Processing 10-20/1872... (Success: 10, Error: 0)
Processing 20-30/1872... (Success: 20, Error: 0)
Processing 30-40/1872... (Success: 30, Error: 0)
Processing 40-50/1872... (Success: 40, Error: 0)
Processing 50-60/1872... (Success: 50, Error: 0)
Processing 60-70/1872... (Success: 60, Error: 0)
Processing 70-80/1872... (Success: 70, Error: 0)
Processing 80-90/1872... (Success: 80, Error: 0)
Processing 90-100/1872... (Success: 90, Error: 0)
Processing 100-110/1872... (Success: 100, Error: 0)
Processing 110-120/1872... (Success: 110, Error: 0)
Processing 120-130/1872... (Success: 120, Error: 0)
Processing 130-140/1872... (Success: 130, Error: 0)
Processing 140-150/1872... (Success: 140, Error: 0)
Processing 150-160/1872... (Success: 150, Error: 0)
Processing 160-170/1872... (Success: 160, Error: 0)
Processing 170-180/1872... (Success: 170, Error: 0)
Processing 180-190/1872... (Success: 180, Error: 0)
Processing 190-200/1872... (Success: 190, Error: 0)
Processing 200-210/1872... (Success: 200, Error: 0)
Processing 210-220/1872... (Success: 210, Error: 0)
Processing 220-230/1872... (Success: 220, Error: 0)
Processing 230-240/1872... (Success: 230, Error: 0)
Processing 240-250/1872... (Success: 240, Error: 0)
Processing 250-260/1872... (Success: 250, Error: 0)
Processing 260-270/1872... (Success: 260, Error: 0)
Processing 270-280/1872... (Success: 270, Error: 0)
Processing 280-290/1872... (Success: 280, Error: 0)
Processing 290-300/1872... (Success: 290, Error: 0)
Processing 300-310/1872... (Success: 300, Error: 0)
Processing 310-320/1872... (Success: 310, Error: 0)
Processing 320-330/1872... (Success: 320, Error: 0)
Processing 330-340/1872... (Success: 330, Error: 0)
Processing 340-350/1872... (Success: 340, Error: 0)
Processing 350-360/1872... (Success: 350, Error: 0)
Processing 360-370/1872... (Success: 360, Error: 0)
Processing 370-380/1872... (Success: 370, Error: 0)
Processing 380-390/1872... (Success: 380, Error: 0)
Processing 390-400/1872... (Success: 390, Error: 0)
Processing 400-410/1872... (Success: 400, Error: 0)
Processing 410-420/1872... (Success: 410, Error: 0)
Processing 420-430/1872... (Success: 420, Error: 0)
Processing 430-440/1872... (Success: 430, Error: 0)
Processing 440-450/1872... (Success: 440, Error: 0)
Processing 450-460/1872... (Success: 450, Error: 0)
Processing 460-470/1872... (Success: 460, Error: 0)
Processing 470-480/1872... (Success: 470, Error: 0)
Processing 480-490/1872... (Success: 480, Error: 0)
Processing 490-500/1872... (Success: 490, Error: 0)
Processing 500-510/1872... (Success: 500, Error: 0)
Processing 510-520/1872... (Success: 510, Error: 0)
Processing 520-530/1872... (Success: 520, Error: 0)
Processing 530-540/1872... (Success: 530, Error: 0)
Processing 540-550/1872... (Success: 540, Error: 0)
Processing 550-560/1872... (Success: 550, Error: 0)
Processing 560-570/1872... (Success: 560, Error: 0)
Processing 570-580/1872... (Success: 570, Error: 0)
Processing 580-590/1872... (Success: 580, Error: 0)
Processing 590-600/1872... (Success: 590, Error: 0)
Processing 600-610/1872... (Success: 600, Error: 0)
Processing 610-620/1872... (Success: 610, Error: 0)
Processing 620-630/1872... (Success: 620, Error: 0)
Processing 630-640/1872... (Success: 630, Error: 0)
Processing 640-650/1872... (Success: 640, Error: 0)
Processing 650-660/1872... (Success: 650, Error: 0)
Processing 660-670/1872... (Success: 660, Error: 0)
Processing 670-680/1872... (Success: 670, Error: 0)
Processing 680-690/1872... (Success: 680, Error: 0)
Processing 690-700/1872... (Success: 690, Error: 0)
Processing 700-710/1872... (Success: 700, Error: 0)
Processing 710-720/1872... (Success: 710, Error: 0)
Processing 720-730/1872... (Success: 720, Error: 0)
Processing 730-740/1872... (Success: 730, Error: 0)
Processing 740-750/1872... (Success: 740, Error: 0)
Processing 750-760/1872... (Success: 750, Error: 0)
Processing 760-770/1872... (Success: 760, Error: 0)
Processing 770-780/1872... (Success: 769, Error: 1)
??Failed to upload backups/2025-10-14T17-00-08-522Z/materials.json: Unexpected token '<', "<html>
<h"... is not valid JSON
Processing 780-790/1872... (Success: 779, Error: 1)
Processing 790-800/1872... (Success: 789, Error: 1)
Processing 800-810/1872... (Success: 799, Error: 1)
Processing 810-820/1872... (Success: 809, Error: 1)
Processing 820-830/1872... (Success: 819, Error: 1)
Processing 830-840/1872... (Success: 829, Error: 1)
Processing 840-850/1872... (Success: 839, Error: 1)
Processing 850-860/1872... (Success: 849, Error: 1)
Processing 860-870/1872... (Success: 859, Error: 1)
Processing 870-880/1872... (Success: 869, Error: 1)
Processing 880-890/1872... (Success: 879, Error: 1)
Processing 890-900/1872... (Success: 889, Error: 1)
Processing 900-910/1872... (Success: 899, Error: 1)
Processing 910-920/1872... (Success: 909, Error: 1)
Processing 920-930/1872... (Success: 919, Error: 1)
Processing 930-940/1872... (Success: 929, Error: 1)
Processing 940-950/1872... (Success: 939, Error: 1)
??Failed to upload backups/2025-10-31T17-00-03-514Z/budgets.json: Unexpected token '<', "<html>
<h"... is not valid JSON
Processing 950-960/1872... (Success: 948, Error: 2)
Processing 960-970/1872... (Success: 958, Error: 2)
Processing 970-980/1872... (Success: 968, Error: 2)
Processing 980-990/1872... (Success: 978, Error: 2)
Processing 990-1000/1872... (Success: 988, Error: 2)
Processing 1000-1010/1872... (Success: 998, Error: 2)
Processing 1010-1020/1872... (Success: 1008, Error: 2)
Processing 1020-1030/1872... (Success: 1018, Error: 2)
Processing 1030-1040/1872... (Success: 1028, Error: 2)
Processing 1040-1050/1872... (Success: 1038, Error: 2)
Processing 1050-1060/1872... (Success: 1048, Error: 2)
Processing 1060-1070/1872... (Success: 1058, Error: 2)
Processing 1070-1080/1872... (Success: 1068, Error: 2)
Processing 1080-1090/1872... (Success: 1078, Error: 2)
Processing 1090-1100/1872... (Success: 1088, Error: 2)
Processing 1100-1110/1872... (Success: 1098, Error: 2)
Processing 1110-1120/1872... (Success: 1108, Error: 2)
??Failed to upload backups/2025-11-15T17-00-03-726Z/orders.json: Unexpected token '<', "<html>
Processing 1120-1130/1872... (Success: 1117, Error: 3)
<h"... is not valid JSON
Processing 1130-1140/1872... (Success: 1127, Error: 3)
Processing 1140-1150/1872... (Success: 1137, Error: 3)
Processing 1150-1160/1872... (Success: 1147, Error: 3)
Processing 1160-1170/1872... (Success: 1157, Error: 3)
Processing 1170-1180/1872... (Success: 1167, Error: 3)
Processing 1180-1190/1872... (Success: 1177, Error: 3)
Processing 1190-1200/1872... (Success: 1187, Error: 3)
Processing 1200-1210/1872... (Success: 1197, Error: 3)
Processing 1210-1220/1872... (Success: 1207, Error: 3)
Processing 1220-1230/1872... (Success: 1217, Error: 3)
Processing 1230-1240/1872... (Success: 1227, Error: 3)
Processing 1240-1250/1872... (Success: 1237, Error: 3)
Processing 1250-1260/1872... (Success: 1247, Error: 3)
Processing 1260-1270/1872... (Success: 1257, Error: 3)
Processing 1270-1280/1872... (Success: 1267, Error: 3)
Processing 1280-1290/1872... (Success: 1277, Error: 3)
Processing 1290-1300/1872... (Success: 1287, Error: 3)
Processing 1300-1310/1872... (Success: 1297, Error: 3)
Processing 1310-1320/1872... (Success: 1307, Error: 3)
Processing 1320-1330/1872... (Success: 1317, Error: 3)
Processing 1330-1340/1872... (Success: 1327, Error: 3)
Processing 1340-1350/1872... (Success: 1337, Error: 3)
Processing 1350-1360/1872... (Success: 1347, Error: 3)
Processing 1360-1370/1872... (Success: 1357, Error: 3)
Processing 1370-1380/1872... (Success: 1367, Error: 3)
Processing 1380-1390/1872... (Success: 1377, Error: 3)
Processing 1390-1400/1872... (Success: 1387, Error: 3)
Processing 1400-1410/1872... (Success: 1397, Error: 3)
Processing 1410-1420/1872... (Success: 1407, Error: 3)
Processing 1420-1430/1872... (Success: 1417, Error: 3)
Processing 1430-1440/1872... (Success: 1427, Error: 3)
Processing 1440-1450/1872... (Success: 1437, Error: 3)
Processing 1450-1460/1872... (Success: 1447, Error: 3)
Processing 1460-1470/1872... (Success: 1457, Error: 3)
??Failed to upload backups/2025-12-16T17-00-09-034Z/users.json: Unexpected token '<', "<html>
<h"... is not valid JSON
Processing 1470-1480/1872... (Success: 1466, Error: 4)
Processing 1480-1490/1872... (Success: 1476, Error: 4)
Processing 1490-1500/1872... (Success: 1486, Error: 4)
Processing 1500-1510/1872... (Success: 1496, Error: 4)
Processing 1510-1520/1872... (Success: 1506, Error: 4)
Processing 1520-1530/1872... (Success: 1516, Error: 4)
Processing 1530-1540/1872... (Success: 1526, Error: 4)
Processing 1540-1550/1872... (Success: 1536, Error: 4)
Processing 1550-1560/1872... (Success: 1546, Error: 4)
Processing 1560-1570/1872... (Success: 1556, Error: 4)
Processing 1570-1580/1872... (Success: 1566, Error: 4)
??Failed to upload backups/2025-12-27T17-00-03-569Z/orders.json: Unexpected token '<', "<html>
<h"... is not valid JSON
Processing 1580-1590/1872... (Success: 1575, Error: 5)
Processing 1590-1600/1872... (Success: 1585, Error: 5)
Processing 1600-1610/1872... (Success: 1595, Error: 5)
Processing 1610-1620/1872... (Success: 1605, Error: 5)
Processing 1620-1630/1872... (Success: 1615, Error: 5)
Processing 1630-1640/1872... (Success: 1625, Error: 5)
Processing 1640-1650/1872... (Success: 1635, Error: 5)
Processing 1650-1660/1872... (Success: 1645, Error: 5)
Processing 1660-1670/1872... (Success: 1655, Error: 5)
Processing 1670-1680/1872... (Success: 1665, Error: 5)
Processing 1680-1690/1872... (Success: 1675, Error: 5)
Processing 1690-1700/1872... (Success: 1685, Error: 5)
Processing 1700-1710/1872... (Success: 1695, Error: 5)
Processing 1710-1720/1872... (Success: 1705, Error: 5)
Processing 1720-1730/1872... (Success: 1715, Error: 5)
Processing 1730-1740/1872... (Success: 1725, Error: 5)
Processing 1740-1750/1872... (Success: 1735, Error: 5)
Processing 1750-1760/1872... (Success: 1745, Error: 5)
Processing 1760-1770/1872... (Success: 1755, Error: 5)
Processing 1770-1780/1872... (Success: 1765, Error: 5)
Processing 1780-1790/1872... (Success: 1775, Error: 5)
Processing 1790-1800/1872... (Success: 1785, Error: 5)
Processing 1800-1810/1872... (Success: 1795, Error: 5)
Processing 1810-1820/1872... (Success: 1805, Error: 5)
Processing 1820-1830/1872... (Success: 1815, Error: 5)
Processing 1830-1840/1872... (Success: 1825, Error: 5)
Processing 1840-1850/1872... (Success: 1835, Error: 5)
??Failed to upload hr_submissions/ewN8yT0tO5fpWqhOP0BohvMmr0i2/1766025897834_?섏닔鍮??닿???docx: Invalid key: hr_submissions/ewN8yT0tO5fpWqhOP0BohvMmr0i2/1766025897834_?섏닔鍮??닿???docx
??Failed to upload hr_submissions/ewN8yT0tO5fpWqhOP0BohvMmr0i2/1766025944863_?섏닔鍮??닿???docx: Invalid key: hr_submissions/ewN8yT0tO5fpWqhOP0BohvMmr0i2/1766025944863_?섏닔鍮??닿???docx
Processing 1850-1860/1872... (Success: 1843, Error: 7)
Processing 1860-1870/1872... (Success: 1853, Error: 7)
Processing 1870-1872/1872... (Success: 1863, Error: 7)

--- Migration Finished ---
Total: 1872
Success: 1865
Errors: 7
Skipped: 0
